#
# A fatal error has been detected by the Java Runtime Environment:
#
#  EXCEPTION_ACCESS_VIOLATION (0xc0000005) at pc=0x00007ff918ddecdd, pid=14076, tid=0x000000000000464c
#
# JRE version: Java(TM) SE Runtime Environment (8.0_111-b14) (build 1.8.0_111-b14)
# Java VM: Java HotSpot(TM) 64-Bit Server VM (25.111-b14 mixed mode windows-amd64 compressed oops)
# Problematic frame:
# C  [lwjgl_opengl.dll+0xecdd]
#
# Failed to write core dump. Minidumps are not enabled by default on client versions of Windows
#
# If you would like to submit a bug report, please visit:
#   http://bugreport.java.com/bugreport/crash.jsp
# The crash happened outside the Java Virtual Machine in native code.
# See problematic frame for where to report the bug.
#

---------------  T H R E A D  ---------------

Current thread (0x0000000021f07800):  JavaThread "Thread-0" [_thread_in_native, id=17996, stack(0x000000002a700000,0x000000002a800000)]

siginfo: ExceptionCode=0xc0000005, reading address 0x0000000000000f00

Registers:
RAX=0x000000005e7ded50, RBX=0x000000001ce47ab0, RCX=0x0000000000000001, RDX=0x00000000299b78cc
RSP=0x000000002a7fed28, RBP=0x000000002a7fedb0, RSI=0x00000000299b78cc, RDI=0x00000007c00a94c0
R8 =0x0000000000000001, R9 =0x00000000299b78cc, R10=0x0000000000000000, R11=0x000000005e26b580
R12=0x0000000000000000, R13=0x000000001ce47ab0, R14=0x000000002a7fede0, R15=0x0000000021f07800
RIP=0x00007ff918ddecdd, EFLAGS=0x0000000000010206

Top of Stack: (sp=0x000000002a7fed28)
0x000000002a7fed28:   0000000003377f74 00000007c00a94c0
0x000000002a7fed38:   0000000003377cdd 0000000021f07800
0x000000002a7fed48:   000000001ce47ab0 00000000299b78cc
0x000000002a7fed58:   0000000021f07800 000000002a7fee58
0x000000002a7fed68:   0000000003377ca2 000000002a7fed70
0x000000002a7fed78:   000000001ce47ab0 000000002a7fede0
0x000000002a7fed88:   000000001ce655c0 0000000000000000
0x000000002a7fed98:   000000001ce47ab0 0000000000000000
0x000000002a7feda8:   000000002a7fedd0 000000002a7fee28
0x000000002a7fedb8:   000000000336835d 000000076bff4450
0x000000002a7fedc8:   00000000033719d8 00000000299b78cc
0x000000002a7fedd8:   000000076cbf83a8 0000000000000001
0x000000002a7fede8:   000000002a7fede8 000000001ce47c04
0x000000002a7fedf8:   000000002a7fee58 000000001ce655c0
0x000000002a7fee08:   0000000000000000 000000001ce47c68
0x000000002a7fee18:   000000002a7fedd0 000000002a7fee60 

Instructions: (pc=0x00007ff918ddecdd)
0x00007ff918ddecbd:   00 41 8b c8 48 ff e0 cc cc cc cc cc cc cc cc cc
0x00007ff918ddeccd:   cc cc cc 48 8b 01 49 8b d1 41 8b c8 4c 8b 50 18
0x00007ff918ddecdd:   49 ff a2 00 0f 00 00 cc cc cc cc cc cc cc cc cc
0x00007ff918ddeced:   cc cc cc 48 8b 01 49 8b d1 41 8b c8 4c 8b 50 18 


Register to memory mapping:

RAX=0x000000005e7ded50 is an unknown value
RBX={method} {0x000000001ce47ab8} 'nglGenTextures' '(IJ)V' in 'org/lwjgl/opengl/GL11'
RCX=0x0000000000000001 is an unknown value
RDX=0x00000000299b78cc is an unknown value
RSP=0x000000002a7fed28 is pointing into the stack for thread: 0x0000000021f07800
RBP=0x000000002a7fedb0 is pointing into the stack for thread: 0x0000000021f07800
RSI=0x00000000299b78cc is an unknown value
RDI=0x00000007c00a94c0 is pointing into metadata
R8 =0x0000000000000001 is an unknown value
R9 =0x00000000299b78cc is an unknown value
R10=0x0000000000000000 is an unknown value
R11=0x000000005e26b580 is an unknown value
R12=0x0000000000000000 is an unknown value
R13={method} {0x000000001ce47ab8} 'nglGenTextures' '(IJ)V' in 'org/lwjgl/opengl/GL11'
R14=0x000000002a7fede0 is pointing into the stack for thread: 0x0000000021f07800
R15=0x0000000021f07800 is a thread


Stack: [0x000000002a700000,0x000000002a800000],  sp=0x000000002a7fed28,  free space=1019k
Native frames: (J=compiled Java code, j=interpreted, Vv=VM code, C=native code)
C  [lwjgl_opengl.dll+0xecdd]

Java frames: (J=compiled Java code, j=interpreted, Vv=VM code)
j  org.lwjgl.opengl.GL11.nglGenTextures(IJ)V+0
j  org.lwjgl.opengl.GL11.glGenTextures()I+20
j  com.base.engine.rendering.resourceManagement.TextureResource.<init>()V+5
J 815% C1 com.base.engine.rendering.Texture.loadTexture(Ljava/lang/String;)Lcom/base/engine/rendering/resourceManagement/TextureResource; (305 bytes) @ 0x000000000384324c [0x0000000003841920+0x192c]
j  com.base.engine.rendering.Texture.<init>(Ljava/lang/String;)V+41
j  com.base.game.TerrainGenTestGame.init()V+23
j  com.base.engine.core.CoreEngine$1.run()V+19
j  java.lang.Thread.run()V+11
v  ~StubRoutines::call_stub

---------------  P R O C E S S  ---------------

Java Threads: ( => current thread )
  0x000000002988b800 JavaThread "Java2D Disposer" daemon [_thread_blocked, id=13496, stack(0x000000002ae00000,0x000000002af00000)]
  0x0000000003264000 JavaThread "DestroyJavaVM" [_thread_blocked, id=3528, stack(0x0000000003160000,0x0000000003260000)]
=>0x0000000021f07800 JavaThread "Thread-0" [_thread_in_native, id=17996, stack(0x000000002a700000,0x000000002a800000)]
  0x000000001ee63000 JavaThread "Service Thread" daemon [_thread_blocked, id=11352, stack(0x00000000216d0000,0x00000000217d0000)]
  0x000000001eda2800 JavaThread "C1 CompilerThread11" daemon [_thread_blocked, id=2544, stack(0x00000000215d0000,0x00000000216d0000)]
  0x000000001ed9f800 JavaThread "C1 CompilerThread10" daemon [_thread_blocked, id=16420, stack(0x00000000214d0000,0x00000000215d0000)]
  0x000000001eda1000 JavaThread "C1 CompilerThread9" daemon [_thread_blocked, id=16308, stack(0x00000000213d0000,0x00000000214d0000)]
  0x000000001ed9e800 JavaThread "C1 CompilerThread8" daemon [_thread_blocked, id=11724, stack(0x00000000211d0000,0x00000000212d0000)]
  0x000000001ed9d000 JavaThread "C2 CompilerThread7" daemon [_thread_blocked, id=18148, stack(0x00000000210d0000,0x00000000211d0000)]
  0x000000001ed9c800 JavaThread "C2 CompilerThread6" daemon [_thread_blocked, id=9364, stack(0x0000000020fd0000,0x00000000210d0000)]
  0x000000001ed9e000 JavaThread "C2 CompilerThread5" daemon [_thread_blocked, id=1200, stack(0x0000000020ed0000,0x0000000020fd0000)]
  0x000000001ed8f800 JavaThread "C2 CompilerThread4" daemon [_thread_blocked, id=11404, stack(0x0000000020dd0000,0x0000000020ed0000)]
  0x000000001ed84800 JavaThread "C2 CompilerThread3" daemon [_thread_blocked, id=11840, stack(0x0000000020cd0000,0x0000000020dd0000)]
  0x000000001ed81800 JavaThread "C2 CompilerThread2" daemon [_thread_blocked, id=16596, stack(0x0000000020bd0000,0x0000000020cd0000)]
  0x000000001ed81000 JavaThread "C2 CompilerThread1" daemon [_thread_blocked, id=3108, stack(0x0000000020ad0000,0x0000000020bd0000)]
  0x000000001ed7f000 JavaThread "C2 CompilerThread0" daemon [_thread_blocked, id=11708, stack(0x00000000209d0000,0x0000000020ad0000)]
  0x000000001ed7d000 JavaThread "Attach Listener" daemon [_thread_blocked, id=11232, stack(0x00000000208d0000,0x00000000209d0000)]
  0x000000001ed77000 JavaThread "Signal Dispatcher" daemon [_thread_blocked, id=14168, stack(0x00000000207d0000,0x00000000208d0000)]
  0x000000001ed66800 JavaThread "Finalizer" daemon [_thread_blocked, id=15752, stack(0x00000000205e0000,0x00000000206e0000)]
  0x000000001d2f0000 JavaThread "Reference Handler" daemon [_thread_blocked, id=3100, stack(0x00000000204e0000,0x00000000205e0000)]

Other Threads:
  0x000000001ed45000 VMThread [stack: 0x00000000203e0000,0x00000000204e0000] [id=16312]
  0x000000001eeac800 WatcherThread [stack: 0x00000000217d0000,0x00000000218d0000] [id=14748]

VM state:not at safepoint (normal execution)

VM Mutex/Monitor currently owned by a thread: None

Heap:
 PSYoungGen      total 76288K, used 27249K [0x000000076b300000, 0x0000000770800000, 0x00000007c0000000)
  eden space 65536K, 41% used [0x000000076b300000,0x000000076cd9c7d0,0x000000076f300000)
  from space 10752K, 0% used [0x000000076fd80000,0x000000076fd80000,0x0000000770800000)
  to   space 10752K, 0% used [0x000000076f300000,0x000000076f300000,0x000000076fd80000)
 ParOldGen       total 175104K, used 0K [0x00000006c1800000, 0x00000006cc300000, 0x000000076b300000)
  object space 175104K, 0% used [0x00000006c1800000,0x00000006c1800000,0x00000006cc300000)
 Metaspace       used 9755K, capacity 9959K, committed 10240K, reserved 1058816K
  class space    used 902K, capacity 973K, committed 1024K, reserved 1048576K

Card table byte_map: [0x0000000012720000,0x0000000012f20000] byte_map_base: 0x000000000f114000

Marking Bits: (ParMarkBitMap*) 0x000000005e85a6c0
 Begin Bits: [0x0000000014170000, 0x0000000018110000)
 End Bits:   [0x0000000018110000, 0x000000001c0b0000)

Polling page: 0x0000000001410000

CodeCache: size=245760Kb used=5033Kb max_used=5033Kb free=240726Kb
 bounds [0x0000000003360000, 0x0000000003850000, 0x0000000012360000]
 total_blobs=1681 nmethods=816 adapters=775
 compilation: enabled

Compilation events (10 events):
Event: 2.004 Thread 0x000000001ed9e800 nmethod 812 0x0000000003839950 code [0x0000000003839aa0, 0x0000000003839bb0]
Event: 2.005 Thread 0x000000001ed7f000  813       4       java.nio.DirectByteBuffer::put (17 bytes)
Event: 2.005 Thread 0x000000001ed9c800  814       4       java.awt.image.BufferedImage::getWidth (8 bytes)
Event: 2.006 Thread 0x000000001ed7f000 nmethod 813 0x000000000383b4d0 code [0x000000000383b600, 0x000000000383b6b8]
Event: 2.006 Thread 0x000000001ed9c800 nmethod 814 0x000000000383b290 code [0x000000000383b3c0, 0x000000000383b438]
Event: 2.012 Thread 0x000000001ed9d000 nmethod 808% 0x00000000038461d0 code [0x0000000003846380, 0x00000000038476a8]
Event: 2.026 Thread 0x000000001eda1000  815 % !   3       com.base.engine.rendering.Texture::loadTexture @ 84 (305 bytes)
Event: 2.030 Thread 0x000000001eda1000 nmethod 815% 0x0000000003841490 code [0x0000000003841920, 0x00000000038444e8]
Event: 2.030 Thread 0x000000001ed9f800  816   !   3       com.base.engine.rendering.Texture::loadTexture (305 bytes)
Event: 2.034 Thread 0x000000001ed9f800 nmethod 816 0x0000000003848310 code [0x00000000038487a0, 0x000000000384b248]

GC Heap History (0 events):
No events

Deoptimization events (1 events):
Event: 0.182 Thread 0x0000000003264000 Uncommon trap: reason=unstable_if action=reinterpret pc=0x00000000036aeb78 method=java.lang.String.indexOf([CII[CIII)I @ 134

Internal exceptions (10 events):
Event: 0.149 Thread 0x0000000003264000 Exception <a 'java/lang/NoSuchMethodError': java.lang.Object.lambda$static$0(Ljava/lang/String;)Ljava/lang/Boolean;> (0x000000076b785788) thrown at [C:\re\workspace\8-2-build-windows-amd64-cygwin\jdk8u111\7883\hotspot\src\share\vm\interpreter\linkResolver
Event: 0.164 Thread 0x0000000003264000 Exception <a 'java/lang/NoSuchFieldError': method resolution failed> (0x000000076b7fd5e0) thrown at [C:\re\workspace\8-2-build-windows-amd64-cygwin\jdk8u111\7883\hotspot\src\share\vm\prims\methodHandles.cpp, line 1146]
Event: 0.165 Thread 0x0000000003264000 Exception <a 'java/lang/NoSuchFieldError': method resolution failed> (0x000000076b80a960) thrown at [C:\re\workspace\8-2-build-windows-amd64-cygwin\jdk8u111\7883\hotspot\src\share\vm\prims\methodHandles.cpp, line 1146]
Event: 0.181 Thread 0x0000000003264000 Exception <a 'java/security/PrivilegedActionException'> (0x000000076bb2b918) thrown at [C:\re\workspace\8-2-build-windows-amd64-cygwin\jdk8u111\7883\hotspot\src\share\vm\prims\jvm.cpp, line 1386]
Event: 0.181 Thread 0x0000000003264000 Exception <a 'java/security/PrivilegedActionException'> (0x000000076bb2bb28) thrown at [C:\re\workspace\8-2-build-windows-amd64-cygwin\jdk8u111\7883\hotspot\src\share\vm\prims\jvm.cpp, line 1386]
Event: 0.182 Thread 0x0000000003264000 Exception <a 'java/security/PrivilegedActionException'> (0x000000076bb2f770) thrown at [C:\re\workspace\8-2-build-windows-amd64-cygwin\jdk8u111\7883\hotspot\src\share\vm\prims\jvm.cpp, line 1386]
Event: 0.182 Thread 0x0000000003264000 Exception <a 'java/security/PrivilegedActionException'> (0x000000076bb2f980) thrown at [C:\re\workspace\8-2-build-windows-amd64-cygwin\jdk8u111\7883\hotspot\src\share\vm\prims\jvm.cpp, line 1386]
Event: 1.757 Thread 0x0000000003264000 Exception <a 'sun/nio/fs/WindowsException'> (0x000000076bec5ee0) thrown at [C:\re\workspace\8-2-build-windows-amd64-cygwin\jdk8u111\7883\hotspot\src\share\vm\prims\jni.cpp, line 709]
Event: 1.757 Thread 0x0000000003264000 Exception <a 'sun/nio/fs/WindowsException'> (0x000000076bec66c8) thrown at [C:\re\workspace\8-2-build-windows-amd64-cygwin\jdk8u111\7883\hotspot\src\share\vm\prims\jni.cpp, line 709]
Event: 1.957 Thread 0x0000000021f07800 Exception <a 'java/io/FileNotFoundException'> (0x000000076ca19178) thrown at [C:\re\workspace\8-2-build-windows-amd64-cygwin\jdk8u111\7883\hotspot\src\share\vm\prims\jni.cpp, line 709]

Events (10 events):
Event: 1.974 loading class sun/awt/image/ShortComponentRaster
Event: 1.974 loading class sun/awt/image/ShortComponentRaster done
Event: 1.974 loading class com/sun/imageio/plugins/common/ReaderUtil
Event: 1.974 loading class com/sun/imageio/plugins/common/ReaderUtil done
Event: 1.982 loading class java/io/RandomAccessFile$1
Event: 1.982 loading class java/io/RandomAccessFile$1 done
Event: 2.002 loading class com/base/engine/core/Util
Event: 2.002 loading class com/base/engine/core/Util done
Event: 2.034 loading class com/base/engine/rendering/resourceManagement/TextureResource
Event: 2.034 loading class com/base/engine/rendering/resourceManagement/TextureResource done


Dynamic libraries:
0x00007ff696d40000 - 0x00007ff696d77000 	C:\Program Files\Java\jre1.8.0_111\bin\javaw.exe
0x00007ff93c440000 - 0x00007ff93c611000 	C:\WINDOWS\SYSTEM32\ntdll.dll
0x00007ff93b850000 - 0x00007ff93b8fc000 	C:\WINDOWS\System32\KERNEL32.DLL
0x00007ff939550000 - 0x00007ff93976d000 	C:\WINDOWS\System32\KERNELBASE.dll
0x00007ff93a290000 - 0x00007ff93a332000 	C:\WINDOWS\System32\ADVAPI32.dll
0x00007ff93b900000 - 0x00007ff93b99e000 	C:\WINDOWS\System32\msvcrt.dll
0x00007ff939b10000 - 0x00007ff939b69000 	C:\WINDOWS\System32\sechost.dll
0x00007ff93bf10000 - 0x00007ff93c031000 	C:\WINDOWS\System32\RPCRT4.dll
0x00007ff93c1c0000 - 0x00007ff93c325000 	C:\WINDOWS\System32\USER32.dll
0x00007ff9390e0000 - 0x00007ff9390fe000 	C:\WINDOWS\System32\win32u.dll
0x00007ff93be60000 - 0x00007ff93be94000 	C:\WINDOWS\System32\GDI32.dll
0x00007ff939100000 - 0x00007ff939280000 	C:\WINDOWS\System32\gdi32full.dll
0x00007ff92b5f0000 - 0x00007ff92b86a000 	C:\WINDOWS\WinSxS\amd64_microsoft.windows.common-controls_6595b64144ccf1df_6.0.14393.953_none_42151e83c686086b\COMCTL32.dll
0x00007ff939d10000 - 0x00007ff939fd8000 	C:\WINDOWS\System32\combase.dll
0x00007ff939450000 - 0x00007ff939545000 	C:\WINDOWS\System32\ucrtbase.dll
0x00007ff938990000 - 0x00007ff9389fa000 	C:\WINDOWS\System32\bcryptPrimitives.dll
0x00007ff93ba00000 - 0x00007ff93ba2e000 	C:\WINDOWS\System32\IMM32.DLL
0x000000005add0000 - 0x000000005aea2000 	C:\Program Files\Java\jre1.8.0_111\bin\msvcr100.dll
0x000000005e040000 - 0x000000005e8da000 	C:\Program Files\Java\jre1.8.0_111\bin\server\jvm.dll
0x00007ff93bea0000 - 0x00007ff93bea8000 	C:\WINDOWS\System32\PSAPI.DLL
0x00007ff92bea0000 - 0x00007ff92bea9000 	C:\WINDOWS\SYSTEM32\WSOCK32.dll
0x00007ff935c00000 - 0x00007ff935c23000 	C:\WINDOWS\SYSTEM32\WINMM.dll
0x00007ff936df0000 - 0x00007ff936dfa000 	C:\WINDOWS\SYSTEM32\VERSION.dll
0x00007ff93a1a0000 - 0x00007ff93a20a000 	C:\WINDOWS\System32\WS2_32.dll
0x00007ff935ba0000 - 0x00007ff935bcb000 	C:\WINDOWS\SYSTEM32\WINMMBASE.dll
0x00007ff938940000 - 0x00007ff938982000 	C:\WINDOWS\System32\cfgmgr32.dll
0x000000005e030000 - 0x000000005e03f000 	C:\Program Files\Java\jre1.8.0_111\bin\verify.dll
0x000000005e000000 - 0x000000005e029000 	C:\Program Files\Java\jre1.8.0_111\bin\java.dll
0x000000005dfe0000 - 0x000000005dff6000 	C:\Program Files\Java\jre1.8.0_111\bin\zip.dll
0x00007ff93a340000 - 0x00007ff93b848000 	C:\WINDOWS\System32\SHELL32.dll
0x00007ff938a00000 - 0x00007ff9390da000 	C:\WINDOWS\System32\windows.storage.dll
0x00007ff9388b0000 - 0x00007ff9388fc000 	C:\WINDOWS\System32\powrprof.dll
0x00007ff93a230000 - 0x00007ff93a282000 	C:\WINDOWS\System32\shlwapi.dll
0x00007ff938900000 - 0x00007ff93890f000 	C:\WINDOWS\System32\kernel.appcore.dll
0x00007ff939920000 - 0x00007ff9399c9000 	C:\WINDOWS\System32\shcore.dll
0x00007ff938920000 - 0x00007ff938934000 	C:\WINDOWS\System32\profapi.dll
0x000000005dfc0000 - 0x000000005dfda000 	C:\Program Files\Java\jre1.8.0_111\bin\net.dll
0x00007ff937ee0000 - 0x00007ff937f3c000 	C:\WINDOWS\system32\mswsock.dll
0x000000005dfa0000 - 0x000000005dfb1000 	C:\Program Files\Java\jre1.8.0_111\bin\nio.dll
0x00007ff92c160000 - 0x00007ff92c1b7000 	C:\Users\zoink\AppData\Local\Temp\lwjglzoink\3.1.2-build-29\lwjgl.dll
0x00007ff923bc0000 - 0x00007ff923bfc000 	C:\Users\zoink\AppData\Local\Temp\lwjglzoink\3.1.2-build-29\jemalloc.dll
0x00007ff919d80000 - 0x00007ff919dbd000 	C:\Users\zoink\AppData\Local\Temp\lwjglzoink\3.1.2-build-29\glfw.dll
0x00007ff936580000 - 0x00007ff936615000 	C:\WINDOWS\system32\uxtheme.dll
0x00007ff919d40000 - 0x00007ff919d80000 	C:\WINDOWS\SYSTEM32\dinput8.dll
0x00007ff934e40000 - 0x00007ff934e4e000 	C:\WINDOWS\SYSTEM32\xinput1_4.dll
0x00007ff936af0000 - 0x00007ff936b18000 	C:\WINDOWS\SYSTEM32\DEVOBJ.dll
0x00007ff935320000 - 0x00007ff935346000 	C:\WINDOWS\SYSTEM32\dwmapi.dll
0x00007ff93c040000 - 0x00007ff93c19a000 	C:\WINDOWS\System32\MSCTF.dll
0x00007ff939fe0000 - 0x00007ff93a09f000 	C:\WINDOWS\System32\OLEAUT32.dll
0x00007ff939880000 - 0x00007ff93991c000 	C:\WINDOWS\System32\msvcp_win.dll
0x00007ff936de0000 - 0x00007ff936dec000 	C:\WINDOWS\SYSTEM32\HID.DLL
0x00007ff93ba30000 - 0x00007ff93be59000 	C:\WINDOWS\System32\SETUPAPI.DLL
0x00007ff939820000 - 0x00007ff939875000 	C:\WINDOWS\System32\WINTRUST.dll
0x00007ff938910000 - 0x00007ff938920000 	C:\WINDOWS\System32\MSASN1.dll
0x00007ff939280000 - 0x00007ff939449000 	C:\WINDOWS\System32\CRYPT32.dll
0x00007ff9110a0000 - 0x00007ff9111c3000 	C:\WINDOWS\SYSTEM32\opengl32.dll
0x00007ff923c40000 - 0x00007ff923c6d000 	C:\WINDOWS\SYSTEM32\GLU32.dll
0x00007ff910fa0000 - 0x00007ff911097000 	C:\WINDOWS\SYSTEM32\DDRAW.dll
0x00007ff930660000 - 0x00007ff930668000 	C:\WINDOWS\SYSTEM32\DCIMAN32.dll
0x0000000058be0000 - 0x000000005add0000 	C:\WINDOWS\SYSTEM32\nvoglv64.DLL
0x00007ff934e90000 - 0x00007ff934ea3000 	C:\WINDOWS\SYSTEM32\WTSAPI32.dll
0x00007ff9379b0000 - 0x00007ff9379e2000 	C:\WINDOWS\SYSTEM32\ntmarta.dll
0x00007ff931230000 - 0x00007ff931405000 	C:\WINDOWS\system32\nvspcap64.dll
0x00007ff9399d0000 - 0x00007ff939b08000 	C:\WINDOWS\System32\ole32.dll
0x00007ff9351f0000 - 0x00007ff9352bd000 	C:\WINDOWS\SYSTEM32\WINHTTP.dll
0x00007ff930e10000 - 0x00007ff93122f000 	C:\WINDOWS\system32\nvapi64.dll
0x00007ff936ea0000 - 0x00007ff936f3f000 	C:\WINDOWS\SYSTEM32\dxgi.dll
0x00007ff93c330000 - 0x00007ff93c3cf000 	C:\WINDOWS\System32\clbcatq.dll
0x00007ff938780000 - 0x00007ff938818000 	C:\WINDOWS\SYSTEM32\sxs.dll
0x00007ff937710000 - 0x00007ff937766000 	C:\WINDOWS\SYSTEM32\WINSTA.dll
0x00007ff918dd0000 - 0x00007ff918e2c000 	C:\Users\zoink\AppData\Local\Temp\lwjglzoink\3.1.2-build-29\lwjgl_opengl.dll
0x0000000058a40000 - 0x0000000058bd8000 	C:\Program Files\Java\jre1.8.0_111\bin\awt.dll
0x00007ff936340000 - 0x00007ff9363ba000 	C:\WINDOWS\SYSTEM32\apphelp.dll
0x00007ff938510000 - 0x00007ff9386a2000 	C:\WINDOWS\SYSTEM32\dbghelp.dll

VM Arguments:
jvm_args: -Dfile.encoding=Cp1252 
java_command: com.base.game.Main
java_class_path (initial): C:\Users\zoink\git\3dEngine\3D Game Engine\bin;C:\Users\zoink\Downloads\slick-util\lib\slick-util.jar;C:\Users\zoink\Downloads\lwjgl-release-3.1.2-custom\lwjgl.jar;C:\Users\zoink\Downloads\lwjgl-release-3.1.2-custom\lwjgl-assimp.jar;C:\Users\zoink\Downloads\lwjgl-release-3.1.2-custom\lwjgl-assimp-javadoc.jar;C:\Users\zoink\Downloads\lwjgl-release-3.1.2-custom\lwjgl-assimp-natives-windows.jar;C:\Users\zoink\Downloads\lwjgl-release-3.1.2-custom\lwjgl-assimp-sources.jar;C:\Users\zoink\Downloads\lwjgl-release-3.1.2-custom\lwjgl-bgfx.jar;C:\Users\zoink\Downloads\lwjgl-release-3.1.2-custom\lwjgl-bgfx-javadoc.jar;C:\Users\zoink\Downloads\lwjgl-release-3.1.2-custom\lwjgl-bgfx-natives-windows.jar;C:\Users\zoink\Downloads\lwjgl-release-3.1.2-custom\lwjgl-bgfx-sources.jar;C:\Users\zoink\Downloads\lwjgl-release-3.1.2-custom\lwjgl-egl.jar;C:\Users\zoink\Downloads\lwjgl-release-3.1.2-custom\lwjgl-egl-javadoc.jar;C:\Users\zoink\Downloads\lwjgl-release-3.1.2-custom\lwjgl-egl-sources.jar;C:\Users\zoink\Downloads\lwjgl-release-3.1.2-custom\lwjgl-glfw.jar;C:\Users\zoink\Downloads\lwjgl-release-3.1.2-custom\lwjgl-glfw-javadoc.jar;C:\Users\zoink\Downloads\lwjgl-release-3.1.2-custom\lwjgl-glfw-natives-windows.jar;C:\Users\zoink\Downloads\lwjgl-release-3.1.2-custom\lwjgl-glfw-sources.jar;C:\Users\zoink\Downloads\lwjgl-release-3.1.2-custom\lwjgl-javadoc.jar;C:\Users\zoink\Downloads\lwjgl-release-3.1.2-custom\lwjgl-jawt.jar;C:\Users\zoink\Downloads\lwjgl-release-3.1.2-custom\lwjgl-jawt-javadoc.jar;C:\Users\zoink\Downloads\lwjgl-release-3.1.2-custom\lwjgl-jawt-sources.jar;C:\Users\zoink\Downloads\lwjgl-release-3.1.2-custom\lwjgl-jemalloc.jar;C:\Users\zoink\Downloads\lwjgl-release-3.1.2-custom\lwjgl-jemalloc-javadoc.jar;C:\Users\zoink\Downloads\lwjgl-release-3.1.2-custom\lwjgl-jemalloc-natives-windows.jar;C:\Users\zoink\Downloads\lwjgl-release-3.1.2-custom\lwjgl-jemalloc-sources.jar;C:\Users\zoink\Downloads\lwjgl-release-3.1.2-custom\lwjgl-lmdb.jar;C:\Users\zoink\
Launcher Type: SUN_STANDARD

Environment Variables:
PATH=C:/Program Files/Java/jre1.8.0_111/bin/server;C:/Program Files/Java/jre1.8.0_111/bin;C:/Program Files/Java/jre1.8.0_111/lib/amd64;C:\ProgramData\Oracle\Java\javapath;C:\WINDOWS\system32;C:\WINDOWS;C:\WINDOWS\System32\Wbem;C:\WINDOWS\System32\WindowsPowerShell\v1.0\;C:\Program Files (x86)\GtkSharp\2.12\bin;C:\Program Files (x86)\NVIDIA Corporation\PhysX\Common;C:\Program Files (x86)\Skype\Phone\;C:\Program Files\MCell;C:\bin;C:\Python27;C:\Program Files\Git\cmd;C:\Users\zoink\AppData\Local\Microsoft\WindowsApps;C:\Users\zoink\AppData\Local\Google\Cloud SDK\google-cloud-sdk\bin;C:\WINDOWS\system32;
USERNAME=zoink
OS=Windows_NT
PROCESSOR_IDENTIFIER=Intel64 Family 6 Model 63 Stepping 2, GenuineIntel



---------------  S Y S T E M  ---------------

OS: Windows 10.0 , 64 bit Build 14393 (10.0.14393.1198)

CPU:total 16 (8 cores per cpu, 2 threads per core) family 6 model 63 stepping 2, cmov, cx8, fxsr, mmx, sse, sse2, sse3, ssse3, sse4.1, sse4.2, popcnt, avx, avx2, aes, clmul, erms, lzcnt, ht, tsc, tscinvbit, bmi1, bmi2

Memory: 4k page, physical 16676660k(11611988k free), swap 19167028k(11454356k free)

vm_info: Java HotSpot(TM) 64-Bit Server VM (25.111-b14) for windows-amd64 JRE (1.8.0_111-b14), built on Sep 22 2016 19:24:05 by "java_re" with MS VC++ 10.0 (VS2010)

time: Fri Jun 16 14:10:21 2017
elapsed time: 2 seconds (0d 0h 0m 2s)

