#
# A fatal error has been detected by the Java Runtime Environment:
#
#  EXCEPTION_ACCESS_VIOLATION (0xc0000005) at pc=0x00007ffb2330ecdd, pid=1176, tid=0x00000000000012f0
#
# JRE version: Java(TM) SE Runtime Environment (8.0_111-b14) (build 1.8.0_111-b14)
# Java VM: Java HotSpot(TM) 64-Bit Server VM (25.111-b14 mixed mode windows-amd64 compressed oops)
# Problematic frame:
# C  [lwjgl_opengl.dll+0xecdd]
#
# Failed to write core dump. Minidumps are not enabled by default on client versions of Windows
#
# If you would like to submit a bug report, please visit:
#   http://bugreport.java.com/bugreport/crash.jsp
# The crash happened outside the Java Virtual Machine in native code.
# See problematic frame for where to report the bug.
#

---------------  T H R E A D  ---------------

Current thread (0x0000000002cb4000):  JavaThread "main" [_thread_in_native, id=4848, stack(0x0000000002b10000,0x0000000002c10000)]

siginfo: ExceptionCode=0xc0000005, reading address 0x0000000000000f00

Registers:
RAX=0x0000000065cfed50, RBX=0x000000001c795fd0, RCX=0x0000000000000001, RDX=0x00000000214b4410
RSP=0x0000000002c0f4d8, RBP=0x0000000002c0f558, RSI=0x0000000000000188, RDI=0x0000000002db7e70
R8 =0x0000000000000001, R9 =0x00000000214b4410, R10=0x0000000000000000, R11=0x000000006578b580
R12=0x0000000000000000, R13=0x000000001c795fd0, R14=0x0000000002c0f588, R15=0x0000000002cb4000
RIP=0x00007ffb2330ecdd, EFLAGS=0x0000000000010206

Top of Stack: (sp=0x0000000002c0f4d8)
0x0000000002c0f4d8:   0000000002dc7f74 0000000002db7e70
0x0000000002c0f4e8:   0000000002dc7ceb 0000000002cb4000
0x0000000002c0f4f8:   000000001c795fd0 0000000000000188
0x0000000002c0f508:   0000000002cb4000 0000000002dc7ca2
0x0000000002c0f518:   0000000002c0f518 000000001c795fd0
0x0000000002c0f528:   0000000002c0f588 000000001c7b6428
0x0000000002c0f538:   0000000000000000 000000001c795fd0
0x0000000002c0f548:   0000000000000000 0000000002c0f578
0x0000000002c0f558:   0000000002c0f5d0 0000000002db835d
0x0000000002c0f568:   000000076bdda9b8 0000000002dc19d8
0x0000000002c0f578:   00000000214b4410 000000076be34b20
0x0000000002c0f588:   0000000000000001 0000000002c0f590
0x0000000002c0f598:   000000001c796124 0000000002c0f600
0x0000000002c0f5a8:   000000001c7b6428 0000000000000000
0x0000000002c0f5b8:   000000001c796188 0000000002c0f578
0x0000000002c0f5c8:   0000000002c0f608 0000000002c0f650 

Instructions: (pc=0x00007ffb2330ecdd)
0x00007ffb2330ecbd:   00 41 8b c8 48 ff e0 cc cc cc cc cc cc cc cc cc
0x00007ffb2330eccd:   cc cc cc 48 8b 01 49 8b d1 41 8b c8 4c 8b 50 18
0x00007ffb2330ecdd:   49 ff a2 00 0f 00 00 cc cc cc cc cc cc cc cc cc
0x00007ffb2330eced:   cc cc cc 48 8b 01 49 8b d1 41 8b c8 4c 8b 50 18 


Register to memory mapping:

RAX=0x0000000065cfed50 is an unknown value
RBX={method} {0x000000001c795fd8} 'nglGenTextures' '(IJ)V' in 'org/lwjgl/opengl/GL11'
RCX=0x0000000000000001 is an unknown value
RDX=0x00000000214b4410 is an unknown value
RSP=0x0000000002c0f4d8 is pointing into the stack for thread: 0x0000000002cb4000
RBP=0x0000000002c0f558 is pointing into the stack for thread: 0x0000000002cb4000
RSI=0x0000000000000188 is an unknown value
RDI=0x0000000002db7e70 is at code_begin+1040 in an Interpreter codelet
invoke return entry points  [0x0000000002db7a60, 0x0000000002db8440]  2528 bytes
R8 =0x0000000000000001 is an unknown value
R9 =0x00000000214b4410 is an unknown value
R10=0x0000000000000000 is an unknown value
R11=0x000000006578b580 is an unknown value
R12=0x0000000000000000 is an unknown value
R13={method} {0x000000001c795fd8} 'nglGenTextures' '(IJ)V' in 'org/lwjgl/opengl/GL11'
R14=0x0000000002c0f588 is pointing into the stack for thread: 0x0000000002cb4000
R15=0x0000000002cb4000 is a thread


Stack: [0x0000000002b10000,0x0000000002c10000],  sp=0x0000000002c0f4d8,  free space=1021k
Native frames: (J=compiled Java code, j=interpreted, Vv=VM code, C=native code)
C  [lwjgl_opengl.dll+0xecdd]

Java frames: (J=compiled Java code, j=interpreted, Vv=VM code)
j  org.lwjgl.opengl.GL11.nglGenTextures(IJ)V+0
j  org.lwjgl.opengl.GL11.glGenTextures()I+20
j  com.base.rendering.Texture.<init>()V+5
j  com.base.rendering.Texture.createTexture(IILjava/nio/ByteBuffer;)[I+4
j  com.base.rendering.Texture.loadTexture(Ljava/lang/String;)[I+114
j  com.base.rendering.Texture.<init>(Ljava/lang/String;)V+5
j  com.base.game.Game.<init>()V+208
j  com.base.game.Main.main([Ljava/lang/String;)V+17
v  ~StubRoutines::call_stub

---------------  P R O C E S S  ---------------

Java Threads: ( => current thread )
  0x000000001e841800 JavaThread "Service Thread" daemon [_thread_blocked, id=1548, stack(0x00000000210a0000,0x00000000211a0000)]
  0x000000001e786800 JavaThread "C1 CompilerThread11" daemon [_thread_blocked, id=1520, stack(0x0000000020fa0000,0x00000000210a0000)]
  0x000000001e783800 JavaThread "C1 CompilerThread10" daemon [_thread_blocked, id=9964, stack(0x0000000020ea0000,0x0000000020fa0000)]
  0x000000001e787000 JavaThread "C1 CompilerThread9" daemon [_thread_blocked, id=7084, stack(0x0000000020ca0000,0x0000000020da0000)]
  0x000000001e785000 JavaThread "C1 CompilerThread8" daemon [_thread_blocked, id=6820, stack(0x0000000020ba0000,0x0000000020ca0000)]
  0x000000001e785800 JavaThread "C2 CompilerThread7" daemon [_thread_blocked, id=8704, stack(0x0000000020aa0000,0x0000000020ba0000)]
  0x000000001e784000 JavaThread "C2 CompilerThread6" daemon [_thread_blocked, id=7068, stack(0x00000000209a0000,0x0000000020aa0000)]
  0x000000001e77a000 JavaThread "C2 CompilerThread5" daemon [_thread_blocked, id=1752, stack(0x00000000208a0000,0x00000000209a0000)]
  0x000000001e775000 JavaThread "C2 CompilerThread4" daemon [_thread_blocked, id=4988, stack(0x00000000207a0000,0x00000000208a0000)]
  0x000000001e774800 JavaThread "C2 CompilerThread3" daemon [_thread_blocked, id=1648, stack(0x00000000206a0000,0x00000000207a0000)]
  0x000000001e771800 JavaThread "C2 CompilerThread2" daemon [_thread_blocked, id=1836, stack(0x00000000205a0000,0x00000000206a0000)]
  0x000000001e771000 JavaThread "C2 CompilerThread1" daemon [_thread_blocked, id=1532, stack(0x00000000204a0000,0x00000000205a0000)]
  0x000000001e76f000 JavaThread "C2 CompilerThread0" daemon [_thread_blocked, id=2192, stack(0x00000000203a0000,0x00000000204a0000)]
  0x000000001e76d000 JavaThread "Attach Listener" daemon [_thread_blocked, id=4768, stack(0x00000000202a0000,0x00000000203a0000)]
  0x000000001e767000 JavaThread "Signal Dispatcher" daemon [_thread_blocked, id=12120, stack(0x00000000201a0000,0x00000000202a0000)]
  0x000000001e756800 JavaThread "Finalizer" daemon [_thread_blocked, id=4992, stack(0x000000001ffb0000,0x00000000200b0000)]
  0x000000001ccf0000 JavaThread "Reference Handler" daemon [_thread_blocked, id=1788, stack(0x000000001feb0000,0x000000001ffb0000)]
=>0x0000000002cb4000 JavaThread "main" [_thread_in_native, id=4848, stack(0x0000000002b10000,0x0000000002c10000)]

Other Threads:
  0x000000001e735000 VMThread [stack: 0x000000001fdb0000,0x000000001feb0000] [id=1792]
  0x000000001e8a3000 WatcherThread [stack: 0x00000000211a0000,0x00000000212a0000] [id=4900]

VM state:not at safepoint (normal execution)

VM Mutex/Monitor currently owned by a thread: None

Heap:
 PSYoungGen      total 76288K, used 11804K [0x000000076b300000, 0x0000000770800000, 0x00000007c0000000)
  eden space 65536K, 18% used [0x000000076b300000,0x000000076be87358,0x000000076f300000)
  from space 10752K, 0% used [0x000000076fd80000,0x000000076fd80000,0x0000000770800000)
  to   space 10752K, 0% used [0x000000076f300000,0x000000076f300000,0x000000076fd80000)
 ParOldGen       total 175104K, used 0K [0x00000006c1800000, 0x00000006cc300000, 0x000000076b300000)
  object space 175104K, 0% used [0x00000006c1800000,0x00000006c1800000,0x00000006cc300000)
 Metaspace       used 5429K, capacity 5580K, committed 5888K, reserved 1056768K
  class space    used 604K, capacity 676K, committed 768K, reserved 1048576K

Card table byte_map: [0x0000000012170000,0x0000000012970000] byte_map_base: 0x000000000eb64000

Marking Bits: (ParMarkBitMap*) 0x0000000065d7a6c0
 Begin Bits: [0x0000000013bc0000, 0x0000000017b60000)
 End Bits:   [0x0000000017b60000, 0x000000001bb00000)

Polling page: 0x0000000000d70000

CodeCache: size=245760Kb used=3905Kb max_used=3905Kb free=241854Kb
 bounds [0x0000000002db0000, 0x0000000003190000, 0x0000000011db0000]
 total_blobs=873 nmethods=514 adapters=269
 compilation: enabled

Compilation events (10 events):
Event: 0.292 Thread 0x000000001e785000 nmethod 507 0x000000000317a350 code [0x000000000317a4a0, 0x000000000317a5d0]
Event: 0.292 Thread 0x000000001e787000 nmethod 505 0x000000000317a650 code [0x000000000317a7c0, 0x000000000317a9e8]
Event: 0.292 Thread 0x000000001e783800 nmethod 506 0x000000000317aa90 code [0x000000000317ac20, 0x000000000317b098]
Event: 0.292 Thread 0x000000001e783800  508   !   3       sun.misc.URLClassPath$JarLoader::getResource (349 bytes)
Event: 0.292 Thread 0x000000001e786800  509       3       sun.misc.JarIndex::get (49 bytes)
Event: 0.292 Thread 0x000000001e786800 nmethod 509 0x000000000317b250 code [0x000000000317b420, 0x000000000317bc98]
Event: 0.294 Thread 0x000000001e783800 nmethod 508 0x000000000317bfd0 code [0x000000000317c420, 0x000000000317e568]
Event: 0.296 Thread 0x000000001e785000  510       1       java.security.CodeSource::getLocation (5 bytes)
Event: 0.296 Thread 0x000000001e785000 nmethod 510 0x0000000003180350 code [0x00000000031804a0, 0x00000000031805b0]
Event: 0.298 Thread 0x000000001e787000  514       3       java.util.Vector::elementData (7 bytes)

GC Heap History (0 events):
No events

Deoptimization events (0 events):
No events

Internal exceptions (10 events):
Event: 0.033 Thread 0x0000000002cb4000 Exception <a 'java/lang/NoSuchMethodError': Method sun.misc.Unsafe.prefetchRead(Ljava/lang/Object;J)V name or signature does not match> (0x000000076b307f60) thrown at [C:\re\workspace\8-2-build-windows-amd64-cygwin\jdk8u111\7883\hotspot\src\share\vm\prims
Event: 0.153 Thread 0x0000000002cb4000 Exception <a 'java/lang/NoSuchMethodError': java.lang.Object.lambda$static$0(Ljava/lang/String;)Ljava/lang/Boolean;> (0x000000076b5aa5c8) thrown at [C:\re\workspace\8-2-build-windows-amd64-cygwin\jdk8u111\7883\hotspot\src\share\vm\interpreter\linkResolver
Event: 0.166 Thread 0x0000000002cb4000 Exception <a 'java/lang/NoSuchFieldError': method resolution failed> (0x000000076b622638) thrown at [C:\re\workspace\8-2-build-windows-amd64-cygwin\jdk8u111\7883\hotspot\src\share\vm\prims\methodHandles.cpp, line 1146]
Event: 0.168 Thread 0x0000000002cb4000 Exception <a 'java/lang/NoSuchFieldError': method resolution failed> (0x000000076b62fa08) thrown at [C:\re\workspace\8-2-build-windows-amd64-cygwin\jdk8u111\7883\hotspot\src\share\vm\prims\methodHandles.cpp, line 1146]
Event: 0.208 Thread 0x0000000002cb4000 Exception <a 'java/security/PrivilegedActionException'> (0x000000076bb75f78) thrown at [C:\re\workspace\8-2-build-windows-amd64-cygwin\jdk8u111\7883\hotspot\src\share\vm\prims\jvm.cpp, line 1386]
Event: 0.208 Thread 0x0000000002cb4000 Exception <a 'java/security/PrivilegedActionException'> (0x000000076bb76188) thrown at [C:\re\workspace\8-2-build-windows-amd64-cygwin\jdk8u111\7883\hotspot\src\share\vm\prims\jvm.cpp, line 1386]
Event: 0.209 Thread 0x0000000002cb4000 Exception <a 'java/security/PrivilegedActionException'> (0x000000076bb79fb8) thrown at [C:\re\workspace\8-2-build-windows-amd64-cygwin\jdk8u111\7883\hotspot\src\share\vm\prims\jvm.cpp, line 1386]
Event: 0.209 Thread 0x0000000002cb4000 Exception <a 'java/security/PrivilegedActionException'> (0x000000076bb7a1c8) thrown at [C:\re\workspace\8-2-build-windows-amd64-cygwin\jdk8u111\7883\hotspot\src\share\vm\prims\jvm.cpp, line 1386]
Event: 0.293 Thread 0x0000000002cb4000 Exception <a 'sun/nio/fs/WindowsException'> (0x000000076be23318) thrown at [C:\re\workspace\8-2-build-windows-amd64-cygwin\jdk8u111\7883\hotspot\src\share\vm\prims\jni.cpp, line 709]
Event: 0.293 Thread 0x0000000002cb4000 Exception <a 'sun/nio/fs/WindowsException'> (0x000000076be23b00) thrown at [C:\re\workspace\8-2-build-windows-amd64-cygwin\jdk8u111\7883\hotspot\src\share\vm\prims\jni.cpp, line 709]

Events (10 events):
Event: 0.293 loading class java/nio/file/NoSuchFileException
Event: 0.293 loading class java/nio/file/FileSystemException
Event: 0.293 loading class java/nio/file/FileSystemException done
Event: 0.293 loading class java/nio/file/NoSuchFileException done
Event: 0.295 loading class org/lwjgl/opengl/GL$1
Event: 0.295 loading class org/lwjgl/opengl/GL$1 done
Event: 0.295 loading class org/lwjgl/opengl/GL$SharedLibraryGL
Event: 0.295 loading class org/lwjgl/opengl/GL$SharedLibraryGL done
Event: 0.296 loading class org/lwjgl/system/SharedLibrary$Delegate
Event: 0.296 loading class org/lwjgl/system/SharedLibrary$Delegate done


Dynamic libraries:
0x00007ff6c14d0000 - 0x00007ff6c1507000 	C:\Program Files\Java\jre1.8.0_111\bin\javaw.exe
0x00007ffb2c000000 - 0x00007ffb2c1d1000 	C:\WINDOWS\SYSTEM32\ntdll.dll
0x00007ffb2a8c0000 - 0x00007ffb2a96c000 	C:\WINDOWS\System32\KERNEL32.DLL
0x00007ffb286a0000 - 0x00007ffb288bd000 	C:\WINDOWS\System32\KERNELBASE.dll
0x00007ffb29590000 - 0x00007ffb29632000 	C:\WINDOWS\System32\ADVAPI32.dll
0x00007ffb2a820000 - 0x00007ffb2a8be000 	C:\WINDOWS\System32\msvcrt.dll
0x00007ffb2a230000 - 0x00007ffb2a289000 	C:\WINDOWS\System32\sechost.dll
0x00007ffb2a580000 - 0x00007ffb2a6a1000 	C:\WINDOWS\System32\RPCRT4.dll
0x00007ffb2be90000 - 0x00007ffb2bff5000 	C:\WINDOWS\System32\USER32.dll
0x00007ffb289c0000 - 0x00007ffb289de000 	C:\WINDOWS\System32\win32u.dll
0x00007ffb29d40000 - 0x00007ffb29d74000 	C:\WINDOWS\System32\GDI32.dll
0x00007ffb28a50000 - 0x00007ffb28bd2000 	C:\WINDOWS\System32\gdi32full.dll
0x00007ffb1a9a0000 - 0x00007ffb1ac1a000 	C:\WINDOWS\WinSxS\amd64_microsoft.windows.common-controls_6595b64144ccf1df_6.0.14393.953_none_42151e83c686086b\COMCTL32.dll
0x00007ffb29640000 - 0x00007ffb29908000 	C:\WINDOWS\System32\combase.dll
0x00007ffb284f0000 - 0x00007ffb285e5000 	C:\WINDOWS\System32\ucrtbase.dll
0x00007ffb289e0000 - 0x00007ffb28a4a000 	C:\WINDOWS\System32\bcryptPrimitives.dll
0x00007ffb2a490000 - 0x00007ffb2a4be000 	C:\WINDOWS\System32\IMM32.DLL
0x0000000065390000 - 0x0000000065462000 	C:\Program Files\Java\jre1.8.0_111\bin\msvcr100.dll
0x0000000065560000 - 0x0000000065dfa000 	C:\Program Files\Java\jre1.8.0_111\bin\server\jvm.dll
0x00007ffb2a6b0000 - 0x00007ffb2a6b8000 	C:\WINDOWS\System32\PSAPI.DLL
0x00007ffb26130000 - 0x00007ffb26153000 	C:\WINDOWS\SYSTEM32\WINMM.dll
0x00007ffb19830000 - 0x00007ffb19839000 	C:\WINDOWS\SYSTEM32\WSOCK32.dll
0x00007ffb22880000 - 0x00007ffb2288a000 	C:\WINDOWS\SYSTEM32\VERSION.dll
0x00007ffb260f0000 - 0x00007ffb2611b000 	C:\WINDOWS\SYSTEM32\WINMMBASE.dll
0x00007ffb2a050000 - 0x00007ffb2a0ba000 	C:\WINDOWS\System32\WS2_32.dll
0x00007ffb29490000 - 0x00007ffb294d2000 	C:\WINDOWS\System32\cfgmgr32.dll
0x0000000065550000 - 0x000000006555f000 	C:\Program Files\Java\jre1.8.0_111\bin\verify.dll
0x0000000065520000 - 0x0000000065549000 	C:\Program Files\Java\jre1.8.0_111\bin\java.dll
0x0000000065500000 - 0x0000000065516000 	C:\Program Files\Java\jre1.8.0_111\bin\zip.dll
0x00007ffb2a970000 - 0x00007ffb2be78000 	C:\WINDOWS\System32\SHELL32.dll
0x00007ffb28be0000 - 0x00007ffb292ba000 	C:\WINDOWS\System32\windows.storage.dll
0x00007ffb284a0000 - 0x00007ffb284ec000 	C:\WINDOWS\System32\powrprof.dll
0x00007ffb29e20000 - 0x00007ffb29e72000 	C:\WINDOWS\System32\shlwapi.dll
0x00007ffb28460000 - 0x00007ffb2846f000 	C:\WINDOWS\System32\kernel.appcore.dll
0x00007ffb285f0000 - 0x00007ffb28699000 	C:\WINDOWS\System32\shcore.dll
0x00007ffb28470000 - 0x00007ffb28484000 	C:\WINDOWS\System32\profapi.dll
0x00000000654e0000 - 0x00000000654fa000 	C:\Program Files\Java\jre1.8.0_111\bin\net.dll
0x00007ffb27d90000 - 0x00007ffb27dec000 	C:\WINDOWS\system32\mswsock.dll
0x00000000654c0000 - 0x00000000654d1000 	C:\Program Files\Java\jre1.8.0_111\bin\nio.dll
0x00007ffb235d0000 - 0x00007ffb23627000 	C:\Users\zoink\AppData\Local\Temp\lwjglzoink\3.1.2-build-29\lwjgl.dll
0x00007ffb23550000 - 0x00007ffb235c7000 	C:\Users\zoink\AppData\Local\Temp\lwjglzoink\3.1.2-build-29\lwjgl_stb.dll
0x00007ffb252a0000 - 0x00007ffb252dc000 	C:\Users\zoink\AppData\Local\Temp\lwjglzoink\3.1.2-build-29\jemalloc.dll
0x00007ffb23300000 - 0x00007ffb2335c000 	C:\Users\zoink\AppData\Local\Temp\lwjglzoink\3.1.2-build-29\lwjgl_opengl.dll
0x00007ffb11320000 - 0x00007ffb11443000 	C:\WINDOWS\SYSTEM32\opengl32.dll
0x00007ffb250d0000 - 0x00007ffb250fd000 	C:\WINDOWS\SYSTEM32\GLU32.dll
0x00007ffb154f0000 - 0x00007ffb155e7000 	C:\WINDOWS\SYSTEM32\DDRAW.dll
0x00007ffb25e10000 - 0x00007ffb25e18000 	C:\WINDOWS\SYSTEM32\DCIMAN32.dll
0x00007ffb18500000 - 0x00007ffb18692000 	C:\WINDOWS\SYSTEM32\dbghelp.dll

VM Arguments:
jvm_args: -Dfile.encoding=Cp1252 
java_command: com.base.game.Main
java_class_path (initial): C:\Users\zoink\workspace\3D Game Engine\bin;C:\Users\zoink\Downloads\slick-util\lib\slick-util.jar;C:\Users\zoink\Downloads\lwjgl-release-3.1.2-custom\lwjgl.jar;C:\Users\zoink\Downloads\lwjgl-release-3.1.2-custom\lwjgl-assimp.jar;C:\Users\zoink\Downloads\lwjgl-release-3.1.2-custom\lwjgl-assimp-javadoc.jar;C:\Users\zoink\Downloads\lwjgl-release-3.1.2-custom\lwjgl-assimp-natives-windows.jar;C:\Users\zoink\Downloads\lwjgl-release-3.1.2-custom\lwjgl-assimp-sources.jar;C:\Users\zoink\Downloads\lwjgl-release-3.1.2-custom\lwjgl-bgfx.jar;C:\Users\zoink\Downloads\lwjgl-release-3.1.2-custom\lwjgl-bgfx-javadoc.jar;C:\Users\zoink\Downloads\lwjgl-release-3.1.2-custom\lwjgl-bgfx-natives-windows.jar;C:\Users\zoink\Downloads\lwjgl-release-3.1.2-custom\lwjgl-bgfx-sources.jar;C:\Users\zoink\Downloads\lwjgl-release-3.1.2-custom\lwjgl-egl.jar;C:\Users\zoink\Downloads\lwjgl-release-3.1.2-custom\lwjgl-egl-javadoc.jar;C:\Users\zoink\Downloads\lwjgl-release-3.1.2-custom\lwjgl-egl-sources.jar;C:\Users\zoink\Downloads\lwjgl-release-3.1.2-custom\lwjgl-glfw.jar;C:\Users\zoink\Downloads\lwjgl-release-3.1.2-custom\lwjgl-glfw-javadoc.jar;C:\Users\zoink\Downloads\lwjgl-release-3.1.2-custom\lwjgl-glfw-natives-windows.jar;C:\Users\zoink\Downloads\lwjgl-release-3.1.2-custom\lwjgl-glfw-sources.jar;C:\Users\zoink\Downloads\lwjgl-release-3.1.2-custom\lwjgl-javadoc.jar;C:\Users\zoink\Downloads\lwjgl-release-3.1.2-custom\lwjgl-jawt.jar;C:\Users\zoink\Downloads\lwjgl-release-3.1.2-custom\lwjgl-jawt-javadoc.jar;C:\Users\zoink\Downloads\lwjgl-release-3.1.2-custom\lwjgl-jawt-sources.jar;C:\Users\zoink\Downloads\lwjgl-release-3.1.2-custom\lwjgl-jemalloc.jar;C:\Users\zoink\Downloads\lwjgl-release-3.1.2-custom\lwjgl-jemalloc-javadoc.jar;C:\Users\zoink\Downloads\lwjgl-release-3.1.2-custom\lwjgl-jemalloc-natives-windows.jar;C:\Users\zoink\Downloads\lwjgl-release-3.1.2-custom\lwjgl-jemalloc-sources.jar;C:\Users\zoink\Downloads\lwjgl-release-3.1.2-custom\lwjgl-lmdb.jar;C:\Users\zoink\Dow
Launcher Type: SUN_STANDARD

Environment Variables:
PATH=C:/Program Files/Java/jre1.8.0_111/bin/server;C:/Program Files/Java/jre1.8.0_111/bin;C:/Program Files/Java/jre1.8.0_111/lib/amd64;C:\ProgramData\Oracle\Java\javapath;C:\WINDOWS\system32;C:\WINDOWS;C:\WINDOWS\System32\Wbem;C:\WINDOWS\System32\WindowsPowerShell\v1.0\;C:\Program Files (x86)\GtkSharp\2.12\bin;C:\Program Files (x86)\NVIDIA Corporation\PhysX\Common;C:\Program Files (x86)\Skype\Phone\;C:\Program Files\Git\cmd;C:\Program Files\MCell;C:\bin;C:\Python27;C:\Users\zoink\AppData\Local\Microsoft\WindowsApps;C:\Users\zoink\AppData\Local\Google\Cloud SDK\google-cloud-sdk\bin;C:\WINDOWS\system32;
USERNAME=zoink
OS=Windows_NT
PROCESSOR_IDENTIFIER=Intel64 Family 6 Model 63 Stepping 2, GenuineIntel



---------------  S Y S T E M  ---------------

OS: Windows 10.0 , 64 bit Build 14393 (10.0.14393.1198)

CPU:total 16 (8 cores per cpu, 2 threads per core) family 6 model 63 stepping 2, cmov, cx8, fxsr, mmx, sse, sse2, sse3, ssse3, sse4.1, sse4.2, popcnt, avx, avx2, aes, clmul, erms, lzcnt, ht, tsc, tscinvbit, bmi1, bmi2

Memory: 4k page, physical 16676660k(11449336k free), swap 19167028k(13268604k free)

vm_info: Java HotSpot(TM) 64-Bit Server VM (25.111-b14) for windows-amd64 JRE (1.8.0_111-b14), built on Sep 22 2016 19:24:05 by "java_re" with MS VC++ 10.0 (VS2010)

time: Fri Jun 02 21:52:39 2017
elapsed time: 0 seconds (0d 0h 0m 0s)

